Analysis & Synthesis report for E2_QQ
Sun Dec 26 08:07:30 2021
Quartus Prime Version 20.1.0 Build 711 06/05/2020 SJ Lite Edition


---------------------
; Table of Contents ;
---------------------
  1. Legal Notice
  2. Analysis & Synthesis Summary
  3. Analysis & Synthesis Settings
  4. Parallel Compilation
  5. Analysis & Synthesis Source Files Read
  6. Analysis & Synthesis Resource Usage Summary
  7. Analysis & Synthesis Resource Utilization by Entity
  8. Analysis & Synthesis IP Cores Summary
  9. General Register Statistics
 10. Parameter Settings for User Entity Instance: COUNTER:inst|lpm_counter:LPM_COUNTER_component
 11. Post-Synthesis Netlist Statistics for Top Partition
 12. Elapsed Time Per Partition
 13. Analysis & Synthesis Messages



----------------
; Legal Notice ;
----------------
Copyright (C) 2020  Intel Corporation. All rights reserved.
Your use of Intel Corporation's design tools, logic functions 
and other software and tools, and any partner logic 
functions, and any output files from any of the foregoing 
(including device programming or simulation files), and any 
associated documentation or information are expressly subject 
to the terms and conditions of the Intel Program License 
Subscription Agreement, the Intel Quartus Prime License Agreement,
the Intel FPGA IP License Agreement, or other applicable license
agreement, including, without limitation, that your use is for
the sole purpose of programming logic devices manufactured by
Intel and sold by Intel or its authorized distributors.  Please
refer to the applicable agreement for further details, at
https://fpgasoftware.intel.com/eula.



+----------------------------------------------------------------------------------+
; Analysis & Synthesis Summary                                                     ;
+------------------------------------+---------------------------------------------+
; Analysis & Synthesis Status        ; Successful - Sun Dec 26 08:07:30 2021       ;
; Quartus Prime Version              ; 20.1.0 Build 711 06/05/2020 SJ Lite Edition ;
; Revision Name                      ; E2_QQ                                       ;
; Top-level Entity Name              ; E2_QQ                                       ;
; Family                             ; Cyclone IV GX                               ;
; Total logic elements               ; 14                                          ;
;     Total combinational functions  ; 14                                          ;
;     Dedicated logic registers      ; 8                                           ;
; Total registers                    ; 8                                           ;
; Total pins                         ; 13                                          ;
; Total virtual pins                 ; 0                                           ;
; Total memory bits                  ; 0                                           ;
; Embedded Multiplier 9-bit elements ; 0                                           ;
; Total GXB Receiver Channel PCS     ; 0                                           ;
; Total GXB Receiver Channel PMA     ; 0                                           ;
; Total GXB Transmitter Channel PCS  ; 0                                           ;
; Total GXB Transmitter Channel PMA  ; 0                                           ;
; Total PLLs                         ; 0                                           ;
+------------------------------------+---------------------------------------------+


+------------------------------------------------------------------------------------------------------------+
; Analysis & Synthesis Settings                                                                              ;
+------------------------------------------------------------------+--------------------+--------------------+
; Option                                                           ; Setting            ; Default Value      ;
+------------------------------------------------------------------+--------------------+--------------------+
; Device                                                           ; EP4CGX15BF14A7     ;                    ;
; Top-level entity name                                            ; E2_QQ              ; E2_QQ              ;
; Family name                                                      ; Cyclone IV GX      ; Cyclone V          ;
; Use smart compilation                                            ; Off                ; Off                ;
; Enable parallel Assembler and Timing Analyzer during compilation ; On                 ; On                 ;
; Enable compact report table                                      ; Off                ; Off                ;
; Restructure Multiplexers                                         ; Auto               ; Auto               ;
; Create Debugging Nodes for IP Cores                              ; Off                ; Off                ;
; Preserve fewer node names                                        ; On                 ; On                 ;
; Intel FPGA IP Evaluation Mode                                    ; Enable             ; Enable             ;
; Verilog Version                                                  ; Verilog_2001       ; Verilog_2001       ;
; VHDL Version                                                     ; VHDL_1993          ; VHDL_1993          ;
; State Machine Processing                                         ; Auto               ; Auto               ;
; Safe State Machine                                               ; Off                ; Off                ;
; Extract Verilog State Machines                                   ; On                 ; On                 ;
; Extract VHDL State Machines                                      ; On                 ; On                 ;
; Ignore Verilog initial constructs                                ; Off                ; Off                ;
; Iteration limit for constant Verilog loops                       ; 5000               ; 5000               ;
; Iteration limit for non-constant Verilog loops                   ; 250                ; 250                ;
; Add Pass-Through Logic to Inferred RAMs                          ; On                 ; On                 ;
; Infer RAMs from Raw Logic                                        ; On                 ; On                 ;
; Parallel Synthesis                                               ; On                 ; On                 ;
; DSP Block Balancing                                              ; Auto               ; Auto               ;
; NOT Gate Push-Back                                               ; On                 ; On                 ;
; Power-Up Don't Care                                              ; On                 ; On                 ;
; Remove Redundant Logic Cells                                     ; Off                ; Off                ;
; Remove Duplicate Registers                                       ; On                 ; On                 ;
; Ignore CARRY Buffers                                             ; Off                ; Off                ;
; Ignore CASCADE Buffers                                           ; Off                ; Off                ;
; Ignore GLOBAL Buffers                                            ; Off                ; Off                ;
; Ignore ROW GLOBAL Buffers                                        ; Off                ; Off                ;
; Ignore LCELL Buffers                                             ; Off                ; Off                ;
; Ignore SOFT Buffers                                              ; On                 ; On                 ;
; Limit AHDL Integers to 32 Bits                                   ; Off                ; Off                ;
; Optimization Technique                                           ; Balanced           ; Balanced           ;
; Carry Chain Length                                               ; 70                 ; 70                 ;
; Auto Carry Chains                                                ; On                 ; On                 ;
; Auto Open-Drain Pins                                             ; On                 ; On                 ;
; Perform WYSIWYG Primitive Resynthesis                            ; Off                ; Off                ;
; Auto ROM Replacement                                             ; On                 ; On                 ;
; Auto RAM Replacement                                             ; On                 ; On                 ;
; Auto DSP Block Replacement                                       ; On                 ; On                 ;
; Auto Shift Register Replacement                                  ; Auto               ; Auto               ;
; Allow Shift Register Merging across Hierarchies                  ; Auto               ; Auto               ;
; Auto Clock Enable Replacement                                    ; On                 ; On                 ;
; Strict RAM Replacement                                           ; Off                ; Off                ;
; Allow Synchronous Control Signals                                ; On                 ; On                 ;
; Force Use of Synchronous Clear Signals                           ; Off                ; Off                ;
; Auto RAM Block Balancing                                         ; On                 ; On                 ;
; Auto RAM to Logic Cell Conversion                                ; Off                ; Off                ;
; Auto Resource Sharing                                            ; Off                ; Off                ;
; Allow Any RAM Size For Recognition                               ; Off                ; Off                ;
; Allow Any ROM Size For Recognition                               ; Off                ; Off                ;
; Allow Any Shift Register Size For Recognition                    ; Off                ; Off                ;
; Use LogicLock Constraints during Resource Balancing              ; On                 ; On                 ;
; Ignore translate_off and synthesis_off directives                ; Off                ; Off                ;
; Timing-Driven Synthesis                                          ; On                 ; On                 ;
; Report Parameter Settings                                        ; On                 ; On                 ;
; Report Source Assignments                                        ; On                 ; On                 ;
; Report Connectivity Checks                                       ; On                 ; On                 ;
; Ignore Maximum Fan-Out Assignments                               ; Off                ; Off                ;
; Synchronization Register Chain Length                            ; 2                  ; 2                  ;
; Power Optimization During Synthesis                              ; Normal compilation ; Normal compilation ;
; HDL message level                                                ; Level2             ; Level2             ;
; Suppress Register Optimization Related Messages                  ; Off                ; Off                ;
; Number of Removed Registers Reported in Synthesis Report         ; 5000               ; 5000               ;
; Number of Swept Nodes Reported in Synthesis Report               ; 5000               ; 5000               ;
; Number of Inverted Registers Reported in Synthesis Report        ; 100                ; 100                ;
; Clock MUX Protection                                             ; On                 ; On                 ;
; Auto Gated Clock Conversion                                      ; Off                ; Off                ;
; Block Design Naming                                              ; Auto               ; Auto               ;
; SDC constraint protection                                        ; Off                ; Off                ;
; Synthesis Effort                                                 ; Auto               ; Auto               ;
; Shift Register Replacement - Allow Asynchronous Clear Signal     ; On                 ; On                 ;
; Pre-Mapping Resynthesis Optimization                             ; Off                ; Off                ;
; Analysis & Synthesis Message Level                               ; Medium             ; Medium             ;
; Disable Register Merging Across Hierarchies                      ; Auto               ; Auto               ;
; Resource Aware Inference For Block RAM                           ; On                 ; On                 ;
+------------------------------------------------------------------+--------------------+--------------------+


+------------------------------------------+
; Parallel Compilation                     ;
+----------------------------+-------------+
; Processors                 ; Number      ;
+----------------------------+-------------+
; Number detected on machine ; 8           ;
; Maximum allowed            ; 4           ;
;                            ;             ;
; Average used               ; 1.00        ;
; Maximum used               ; 4           ;
;                            ;             ;
; Usage by Processor         ; % Time Used ;
;     Processor 1            ; 100.0%      ;
;     Processors 2-4         ;   0.0%      ;
+----------------------------+-------------+


+-----------------------------------------------------------------------------------------------------------------------------------------------------------------------------------------+
; Analysis & Synthesis Source Files Read                                                                                                                                                  ;
+----------------------------------+-----------------+------------------------------------+-------------------------------------------------------------------------------------+---------+
; File Name with User-Entered Path ; Used in Netlist ; File Type                          ; File Name with Absolute Path                                                        ; Library ;
+----------------------------------+-----------------+------------------------------------+-------------------------------------------------------------------------------------+---------+
; COUNTER.v                        ; yes             ; User Wizard-Generated File         ; C:/apps/lesson/QuartusPrime/New folder (2)/COUNTER.v                                ;         ;
; E2_QQ.bdf                        ; yes             ; User Block Diagram/Schematic File  ; C:/apps/lesson/QuartusPrime/New folder (2)/E2_QQ.bdf                                ;         ;
; lpm_counter.tdf                  ; yes             ; Megafunction                       ; c:/apps/lesson/quartusprime/quartus/libraries/megafunctions/lpm_counter.tdf         ;         ;
; lpm_constant.inc                 ; yes             ; Megafunction                       ; c:/apps/lesson/quartusprime/quartus/libraries/megafunctions/lpm_constant.inc        ;         ;
; lpm_decode.inc                   ; yes             ; Megafunction                       ; c:/apps/lesson/quartusprime/quartus/libraries/megafunctions/lpm_decode.inc          ;         ;
; lpm_add_sub.inc                  ; yes             ; Megafunction                       ; c:/apps/lesson/quartusprime/quartus/libraries/megafunctions/lpm_add_sub.inc         ;         ;
; cmpconst.inc                     ; yes             ; Megafunction                       ; c:/apps/lesson/quartusprime/quartus/libraries/megafunctions/cmpconst.inc            ;         ;
; lpm_compare.inc                  ; yes             ; Megafunction                       ; c:/apps/lesson/quartusprime/quartus/libraries/megafunctions/lpm_compare.inc         ;         ;
; lpm_counter.inc                  ; yes             ; Megafunction                       ; c:/apps/lesson/quartusprime/quartus/libraries/megafunctions/lpm_counter.inc         ;         ;
; dffeea.inc                       ; yes             ; Megafunction                       ; c:/apps/lesson/quartusprime/quartus/libraries/megafunctions/dffeea.inc              ;         ;
; alt_counter_stratix.inc          ; yes             ; Megafunction                       ; c:/apps/lesson/quartusprime/quartus/libraries/megafunctions/alt_counter_stratix.inc ;         ;
; aglobal201.inc                   ; yes             ; Megafunction                       ; c:/apps/lesson/quartusprime/quartus/libraries/megafunctions/aglobal201.inc          ;         ;
; db/cntr_lgl.tdf                  ; yes             ; Auto-Generated Megafunction        ; C:/apps/lesson/QuartusPrime/New folder (2)/db/cntr_lgl.tdf                          ;         ;
; db/cmpr_okc.tdf                  ; yes             ; Auto-Generated Megafunction        ; C:/apps/lesson/QuartusPrime/New folder (2)/db/cmpr_okc.tdf                          ;         ;
+----------------------------------+-----------------+------------------------------------+-------------------------------------------------------------------------------------+---------+


+---------------------------------------------------------------------------------------------------------------+
; Analysis & Synthesis Resource Usage Summary                                                                   ;
+--------------------------+------------------------------------------------------------------------------------+
; Resource                 ; Usage                                                                              ;
+--------------------------+------------------------------------------------------------------------------------+
; I/O pins                 ; 13                                                                                 ;
;                          ;                                                                                    ;
; DSP block 9-bit elements ; 0                                                                                  ;
;                          ;                                                                                    ;
; Maximum fan-out node     ; COUNTER:inst|lpm_counter:LPM_COUNTER_component|cntr_lgl:auto_generated|cout_actual ;
; Maximum fan-out          ; 9                                                                                  ;
; Total fan-out            ; 99                                                                                 ;
; Average fan-out          ; 2.06                                                                               ;
+--------------------------+------------------------------------------------------------------------------------+


+--------------------------------------------------------------------------------------------------------------------------------------------------------------------------------------------------------------------------------------------------------------------------------------------------------------+
; Analysis & Synthesis Resource Utilization by Entity                                                                                                                                                                                                                                                          ;
+-------------------------------------------+---------------------+---------------------------+-------------+--------------+---------+-----------+-----------+------+--------------+----------------------------------------------------------------------------------------------+-------------+--------------+
; Compilation Hierarchy Node                ; Combinational ALUTs ; Dedicated Logic Registers ; Memory Bits ; DSP Elements ; DSP 9x9 ; DSP 18x18 ; DSP 36x36 ; Pins ; Virtual Pins ; Full Hierarchy Name                                                                          ; Entity Name ; Library Name ;
+-------------------------------------------+---------------------+---------------------------+-------------+--------------+---------+-----------+-----------+------+--------------+----------------------------------------------------------------------------------------------+-------------+--------------+
; |E2_QQ                                    ; 14 (1)              ; 8 (0)                     ; 0           ; 0            ; 0       ; 0         ; 0         ; 13   ; 0            ; |E2_QQ                                                                                       ; E2_QQ       ; work         ;
;    |COUNTER:inst|                         ; 13 (0)              ; 8 (0)                     ; 0           ; 0            ; 0       ; 0         ; 0         ; 0    ; 0            ; |E2_QQ|COUNTER:inst                                                                          ; COUNTER     ; work         ;
;       |lpm_counter:LPM_COUNTER_component| ; 13 (0)              ; 8 (0)                     ; 0           ; 0            ; 0       ; 0         ; 0         ; 0    ; 0            ; |E2_QQ|COUNTER:inst|lpm_counter:LPM_COUNTER_component                                        ; lpm_counter ; work         ;
;          |cntr_lgl:auto_generated|        ; 13 (11)             ; 8 (8)                     ; 0           ; 0            ; 0       ; 0         ; 0         ; 0    ; 0            ; |E2_QQ|COUNTER:inst|lpm_counter:LPM_COUNTER_component|cntr_lgl:auto_generated                ; cntr_lgl    ; work         ;
;             |cmpr_okc:cmpr1|              ; 2 (2)               ; 0 (0)                     ; 0           ; 0            ; 0       ; 0         ; 0         ; 0    ; 0            ; |E2_QQ|COUNTER:inst|lpm_counter:LPM_COUNTER_component|cntr_lgl:auto_generated|cmpr_okc:cmpr1 ; cmpr_okc    ; work         ;
+-------------------------------------------+---------------------+---------------------------+-------------+--------------+---------+-----------+-----------+------+--------------+----------------------------------------------------------------------------------------------+-------------+--------------+
Note: For table entries with two numbers listed, the numbers in parentheses indicate the number of resources of the given type used by the specific entity alone. The numbers listed outside of parentheses indicate the total resources of the given type used by the specific entity and all of its sub-entities in the hierarchy.


+-------------------------------------------------------------------------------------------------------+
; Analysis & Synthesis IP Cores Summary                                                                 ;
+--------+--------------+---------+--------------+--------------+---------------------+-----------------+
; Vendor ; IP Core Name ; Version ; Release Date ; License Type ; Entity Instance     ; IP Include File ;
+--------+--------------+---------+--------------+--------------+---------------------+-----------------+
; Altera ; LPM_COUNTER  ; 20.1    ; N/A          ; N/A          ; |E2_QQ|COUNTER:inst ; COUNTER.v       ;
+--------+--------------+---------+--------------+--------------+---------------------+-----------------+


+------------------------------------------------------+
; General Register Statistics                          ;
+----------------------------------------------+-------+
; Statistic                                    ; Value ;
+----------------------------------------------+-------+
; Total registers                              ; 8     ;
; Number of registers using Synchronous Clear  ; 0     ;
; Number of registers using Synchronous Load   ; 8     ;
; Number of registers using Asynchronous Clear ; 8     ;
; Number of registers using Asynchronous Load  ; 0     ;
; Number of registers using Clock Enable       ; 8     ;
; Number of registers using Preset             ; 0     ;
+----------------------------------------------+-------+


+---------------------------------------------------------------------------------------------+
; Parameter Settings for User Entity Instance: COUNTER:inst|lpm_counter:LPM_COUNTER_component ;
+------------------------+---------------+----------------------------------------------------+
; Parameter Name         ; Value         ; Type                                               ;
+------------------------+---------------+----------------------------------------------------+
; AUTO_CARRY_CHAINS      ; ON            ; AUTO_CARRY                                         ;
; IGNORE_CARRY_BUFFERS   ; OFF           ; IGNORE_CARRY                                       ;
; AUTO_CASCADE_CHAINS    ; ON            ; AUTO_CASCADE                                       ;
; IGNORE_CASCADE_BUFFERS ; OFF           ; IGNORE_CASCADE                                     ;
; LPM_WIDTH              ; 8             ; Signed Integer                                     ;
; LPM_DIRECTION          ; UP            ; Untyped                                            ;
; LPM_MODULUS            ; 177           ; Signed Integer                                     ;
; LPM_AVALUE             ; UNUSED        ; Untyped                                            ;
; LPM_SVALUE             ; UNUSED        ; Untyped                                            ;
; LPM_PORT_UPDOWN        ; PORT_UNUSED   ; Untyped                                            ;
; DEVICE_FAMILY          ; Cyclone IV GX ; Untyped                                            ;
; CARRY_CHAIN            ; MANUAL        ; Untyped                                            ;
; CARRY_CHAIN_LENGTH     ; 48            ; CARRY_CHAIN_LENGTH                                 ;
; NOT_GATE_PUSH_BACK     ; ON            ; NOT_GATE_PUSH_BACK                                 ;
; CARRY_CNT_EN           ; SMART         ; Untyped                                            ;
; LABWIDE_SCLR           ; ON            ; Untyped                                            ;
; USE_NEW_VERSION        ; TRUE          ; Untyped                                            ;
; CBXI_PARAMETER         ; cntr_lgl      ; Untyped                                            ;
+------------------------+---------------+----------------------------------------------------+
Note: In order to hide this table in the UI and the text report file, please set the "Show Parameter Settings in Synthesis Report" option in "Analysis and Synthesis Settings -> More Settings" to "Off".


+-----------------------------------------------------+
; Post-Synthesis Netlist Statistics for Top Partition ;
+-----------------------+-----------------------------+
; Type                  ; Count                       ;
+-----------------------+-----------------------------+
; boundary_port         ; 13                          ;
; cycloneiii_ff         ; 8                           ;
;     ENA CLR SLD       ; 8                           ;
; cycloneiii_lcell_comb ; 14                          ;
;     arith             ; 8                           ;
;         2 data inputs ; 8                           ;
;     normal            ; 6                           ;
;         0 data inputs ; 2                           ;
;         2 data inputs ; 1                           ;
;         3 data inputs ; 1                           ;
;         4 data inputs ; 2                           ;
;                       ;                             ;
; Max LUT depth         ; 2.80                        ;
; Average LUT depth     ; 1.92                        ;
+-----------------------+-----------------------------+


+-------------------------------+
; Elapsed Time Per Partition    ;
+----------------+--------------+
; Partition Name ; Elapsed Time ;
+----------------+--------------+
; Top            ; 00:00:00     ;
+----------------+--------------+


+-------------------------------+
; Analysis & Synthesis Messages ;
+-------------------------------+
Info: *******************************************************************
Info: Running Quartus Prime Analysis & Synthesis
    Info: Version 20.1.0 Build 711 06/05/2020 SJ Lite Edition
    Info: Processing started: Sun Dec 26 08:07:23 2021
Info: Command: quartus_map --read_settings_files=on --write_settings_files=off E2_QQ -c E2_QQ
Warning (18236): Number of processors has not been specified which may cause overloading on shared machines.  Set the global assignment NUM_PARALLEL_PROCESSORS in your QSF to an appropriate value for best performance.
Info (20030): Parallel compilation is enabled and will use 4 of the 4 processors detected
Info (12021): Found 1 design units, including 1 entities, in source file counter.v
    Info (12023): Found entity 1: COUNTER File: C:/apps/lesson/QuartusPrime/New folder (2)/COUNTER.v Line: 40
Info (12021): Found 1 design units, including 1 entities, in source file e2_qq.bdf
    Info (12023): Found entity 1: E2_QQ
Info (12127): Elaborating entity "E2_QQ" for the top level hierarchy
Info (12128): Elaborating entity "COUNTER" for hierarchy "COUNTER:inst"
Info (12128): Elaborating entity "lpm_counter" for hierarchy "COUNTER:inst|lpm_counter:LPM_COUNTER_component" File: C:/apps/lesson/QuartusPrime/New folder (2)/COUNTER.v Line: 75
Info (12130): Elaborated megafunction instantiation "COUNTER:inst|lpm_counter:LPM_COUNTER_component" File: C:/apps/lesson/QuartusPrime/New folder (2)/COUNTER.v Line: 75
Info (12133): Instantiated megafunction "COUNTER:inst|lpm_counter:LPM_COUNTER_component" with the following parameter: File: C:/apps/lesson/QuartusPrime/New folder (2)/COUNTER.v Line: 75
    Info (12134): Parameter "lpm_direction" = "UP"
    Info (12134): Parameter "lpm_modulus" = "177"
    Info (12134): Parameter "lpm_port_updown" = "PORT_UNUSED"
    Info (12134): Parameter "lpm_type" = "LPM_COUNTER"
    Info (12134): Parameter "lpm_width" = "8"
Info (12021): Found 1 design units, including 1 entities, in source file db/cntr_lgl.tdf
    Info (12023): Found entity 1: cntr_lgl File: C:/apps/lesson/QuartusPrime/New folder (2)/db/cntr_lgl.tdf Line: 28
Info (12128): Elaborating entity "cntr_lgl" for hierarchy "COUNTER:inst|lpm_counter:LPM_COUNTER_component|cntr_lgl:auto_generated" File: c:/apps/lesson/quartusprime/quartus/libraries/megafunctions/lpm_counter.tdf Line: 259
Info (12021): Found 1 design units, including 1 entities, in source file db/cmpr_okc.tdf
    Info (12023): Found entity 1: cmpr_okc File: C:/apps/lesson/QuartusPrime/New folder (2)/db/cmpr_okc.tdf Line: 23
Info (12128): Elaborating entity "cmpr_okc" for hierarchy "COUNTER:inst|lpm_counter:LPM_COUNTER_component|cntr_lgl:auto_generated|cmpr_okc:cmpr1" File: C:/apps/lesson/QuartusPrime/New folder (2)/db/cntr_lgl.tdf Line: 79
Info (286030): Timing-Driven Synthesis is running
Info (16010): Generating hard_block partition "hard_block:auto_generated_inst"
    Info (16011): Adding 0 node(s), including 0 DDIO, 0 PLL, 0 transceiver and 0 LCELL
Info (21057): Implemented 27 device resources after synthesis - the final resource count might be different
    Info (21058): Implemented 4 input pins
    Info (21059): Implemented 9 output pins
    Info (21061): Implemented 14 logic cells
Info: Quartus Prime Analysis & Synthesis was successful. 0 errors, 1 warning
    Info: Peak virtual memory: 4838 megabytes
    Info: Processing ended: Sun Dec 26 08:07:30 2021
    Info: Elapsed time: 00:00:07
    Info: Total CPU time (on all processors): 00:00:15


